<?xml version="1.0" encoding="UTF-8"?>
<testng-results skipped="0" failed="0" total="1" passed="1">
  <reporter-output>
  </reporter-output>
  <suite name="Default suite" duration-ms="4342" started-at="2015-09-30T10:25:05Z" finished-at="2015-09-30T10:25:09Z">
    <groups>
    </groups>
    <test name="Default test" duration-ms="4342" started-at="2015-09-30T10:25:05Z" finished-at="2015-09-30T10:25:09Z">
      <class name="java_example.test">
        <test-method status="PASS" signature="beforeMethod()[pri:0, instance:java_example.test@71f2a7d5]" name="beforeMethod" is-config="true" duration-ms="3074" started-at="2015-09-30T20:25:05Z" finished-at="2015-09-30T20:25:08Z">
          <reporter-output>
          </reporter-output>
        </test-method> <!-- beforeMethod -->
        <test-method status="PASS" signature="test_google()[pri:0, instance:java_example.test@71f2a7d5]" name="test_google" duration-ms="226" started-at="2015-09-30T20:25:08Z" finished-at="2015-09-30T20:25:08Z">
          <reporter-output>
          </reporter-output>
        </test-method> <!-- test_google -->
        <test-method status="PASS" signature="tearDown()[pri:0, instance:java_example.test@71f2a7d5]" name="tearDown" is-config="true" duration-ms="1014" started-at="2015-09-30T20:25:08Z" finished-at="2015-09-30T20:25:09Z">
          <reporter-output>
          </reporter-output>
        </test-method> <!-- tearDown -->
      </class> <!-- java_example.test -->
    </test> <!-- Default test -->
  </suite> <!-- Default suite -->
</testng-results>
